# JRE version: Java(TM) SE Runtime Environment (8.0_171-b11) (build 1.8.0_171-b11)
# Java VM: Java HotSpot(TM) Client VM (25.171-b11 mixed mode windows-x86 )
Heap:
 def new generation   total 39424K, used 3288K [0x04a00000, 0x074c0000, 0x0f4a0000)
  eden space 35072K,   9% used [0x04a00000, 0x04d338e8, 0x06c40000)
  from space 4352K,   0% used [0x07080000, 0x07082810, 0x074c0000)
  to   space 4352K,   0% used [0x06c40000, 0x06c40000, 0x07080000)
 tenured generation   total 87424K, used 50120K [0x0f4a0000, 0x14a00000, 0x24a00000)
   the space 87424K,  57% used [0x0f4a0000, 0x12592368, 0x12592400, 0x14a00000)
 Metaspace       used 19275K, capacity 19890K, committed 19968K, reserved 20864K
GC Heap History (10 events):
Event: 834.693 GC heap before
{Heap before GC invocations=47 (full 1):
 def new generation   total 39424K, used 35082K [0x04a00000, 0x074c0000, 0x0f4a0000)
  eden space 35072K, 100% used [0x04a00000, 0x06c40000, 0x06c40000)
  from space 4352K,   0% used [0x06c40000, 0x06c42890, 0x07080000)
  to   space 4352K,   0% used [0x07080000, 0x07080000, 0x074c0000)
 tenured generation   total 87424K, used 50120K [0x0f4a0000, 0x14a00000, 0x24a00000)
   the space 87424K,  57% used [0x0f4a0000, 0x12592368, 0x12592400, 0x14a00000)
 Metaspace       used 19270K, capacity 19890K, committed 19968K, reserved 20864K
Event: 834.695 GC heap after
Heap after GC invocations=48 (full 1):
 def new generation   total 39424K, used 1K [0x04a00000, 0x074c0000, 0x0f4a0000)
  eden space 35072K,   0% used [0x04a00000, 0x04a00000, 0x06c40000)
  from space 4352K,   0% used [0x07080000, 0x07080598, 0x074c0000)
  to   space 4352K,   0% used [0x06c40000, 0x06c40000, 0x07080000)
 tenured generation   total 87424K, used 50120K [0x0f4a0000, 0x14a00000, 0x24a00000)
   the space 87424K,  57% used [0x0f4a0000, 0x12592368, 0x12592400, 0x14a00000)
 Metaspace       used 19270K, capacity 19890K, committed 19968K, reserved 20864K
}
Event: 842.093 GC heap before
{Heap before GC invocations=48 (full 1):
 def new generation   total 39424K, used 35073K [0x04a00000, 0x074c0000, 0x0f4a0000)
  eden space 35072K, 100% used [0x04a00000, 0x06c40000, 0x06c40000)
  from space 4352K,   0% used [0x07080000, 0x07080598, 0x074c0000)
  to   space 4352K,   0% used [0x06c40000, 0x06c40000, 0x07080000)
 tenured generation   total 87424K, used 50120K [0x0f4a0000, 0x14a00000, 0x24a00000)
   the space 87424K,  57% used [0x0f4a0000, 0x12592368, 0x12592400, 0x14a00000)
 Metaspace       used 19270K, capacity 19890K, committed 19968K, reserved 20864K
Event: 842.095 GC heap after
Heap after GC invocations=49 (full 1):
 def new generation   total 39424K, used 1K [0x04a00000, 0x074c0000, 0x0f4a0000)
  eden space 35072K,   0% used [0x04a00000, 0x04a00000, 0x06c40000)
  from space 4352K,   0% used [0x06c40000, 0x06c405d8, 0x07080000)
  to   space 4352K,   0% used [0x07080000, 0x07080000, 0x074c0000)
 tenured generation   total 87424K, used 50120K [0x0f4a0000, 0x14a00000, 0x24a00000)
   the space 87424K,  57% used [0x0f4a0000, 0x12592368, 0x12592400, 0x14a00000)
 Metaspace       used 19270K, capacity 19890K, committed 19968K, reserved 20864K
}
Event: 849.274 GC heap before
{Heap before GC invocations=49 (full 1):
 def new generation   total 39424K, used 35073K [0x04a00000, 0x074c0000, 0x0f4a0000)
  eden space 35072K, 100% used [0x04a00000, 0x06c40000, 0x06c40000)
  from space 4352K,   0% used [0x06c40000, 0x06c405d8, 0x07080000)
  to   space 4352K,   0% used [0x07080000, 0x07080000, 0x074c0000)
 tenured generation   total 87424K, used 50120K [0x0f4a0000, 0x14a00000, 0x24a00000)
   the space 87424K,  57% used [0x0f4a0000, 0x12592368, 0x12592400, 0x14a00000)
 Metaspace       used 19270K, capacity 19890K, committed 19968K, reserved 20864K
Event: 849.276 GC heap after
Heap after GC invocations=50 (full 1):
 def new generation   total 39424K, used 10K [0x04a00000, 0x074c0000, 0x0f4a0000)
  eden space 35072K,   0% used [0x04a00000, 0x04a00000, 0x06c40000)
  from space 4352K,   0% used [0x07080000, 0x07082840, 0x074c0000)
  to   space 4352K,   0% used [0x06c40000, 0x06c40000, 0x07080000)
 tenured generation   total 87424K, used 50120K [0x0f4a0000, 0x14a00000, 0x24a00000)
   the space 87424K,  57% used [0x0f4a0000, 0x12592368, 0x12592400, 0x14a00000)
 Metaspace       used 19270K, capacity 19890K, committed 19968K, reserved 20864K
}
Event: 856.645 GC heap before
{Heap before GC invocations=50 (full 1):
 def new generation   total 39424K, used 35082K [0x04a00000, 0x074c0000, 0x0f4a0000)
  eden space 35072K, 100% used [0x04a00000, 0x06c40000, 0x06c40000)
  from space 4352K,   0% used [0x07080000, 0x07082840, 0x074c0000)
  to   space 4352K,   0% used [0x06c40000, 0x06c40000, 0x07080000)
 tenured generation   total 87424K, used 50120K [0x0f4a0000, 0x14a00000, 0x24a00000)
   the space 87424K,  57% used [0x0f4a0000, 0x12592368, 0x12592400, 0x14a00000)
 Metaspace       used 19270K, capacity 19890K, committed 19968K, reserved 20864K
Event: 856.646 GC heap after
Heap after GC invocations=51 (full 1):
 def new generation   total 39424K, used 10K [0x04a00000, 0x074c0000, 0x0f4a0000)
  eden space 35072K,   0% used [0x04a00000, 0x04a00000, 0x06c40000)
  from space 4352K,   0% used [0x06c40000, 0x06c428d8, 0x07080000)
  to   space 4352K,   0% used [0x07080000, 0x07080000, 0x074c0000)
 tenured generation   total 87424K, used 50120K [0x0f4a0000, 0x14a00000, 0x24a00000)
   the space 87424K,  57% used [0x0f4a0000, 0x12592368, 0x12592400, 0x14a00000)
 Metaspace       used 19270K, capacity 19890K, committed 19968K, reserved 20864K
}
Event: 864.578 GC heap before
{Heap before GC invocations=51 (full 1):
 def new generation   total 39424K, used 35082K [0x04a00000, 0x074c0000, 0x0f4a0000)
  eden space 35072K, 100% used [0x04a00000, 0x06c40000, 0x06c40000)
  from space 4352K,   0% used [0x06c40000, 0x06c428d8, 0x07080000)
  to   space 4352K,   0% used [0x07080000, 0x07080000, 0x074c0000)
 tenured generation   total 87424K, used 50120K [0x0f4a0000, 0x14a00000, 0x24a00000)
   the space 87424K,  57% used [0x0f4a0000, 0x12592368, 0x12592400, 0x14a00000)
 Metaspace       used 19270K, capacity 19890K, committed 19968K, reserved 20864K
Event: 864.580 GC heap after
Heap after GC invocations=52 (full 1):
 def new generation   total 39424K, used 10K [0x04a00000, 0x074c0000, 0x0f4a0000)
  eden space 35072K,   0% used [0x04a00000, 0x04a00000, 0x06c40000)
  from space 4352K,   0% used [0x07080000, 0x07082810, 0x074c0000)
  to   space 4352K,   0% used [0x06c40000, 0x06c40000, 0x07080000)
 tenured generation   total 87424K, used 50120K [0x0f4a0000, 0x14a00000, 0x24a00000)
   the space 87424K,  57% used [0x0f4a0000, 0x12592368, 0x12592400, 0x14a00000)
 Metaspace       used 19270K, capacity 19890K, committed 19968K, reserved 20864K
}

